<?xml version="1.0" encoding="UTF-8"?>
<!-- Generated by org.testng.reporters.JUnitXMLReporter -->
<testsuite hostname="LAPTOP-B43NS9G1" failures="0" tests="6" name="Default test" time="8.019" errors="0" timestamp="21 Dec 2022 09:42:02 GMT">
  <testcase classname="rest_assure.rest1" name="tc2_get" time="5.63"/>
  <testcase classname="rest_assure.rest1" name="tc4_post" time="0.601"/>
  <testcase classname="rest_assure.rest1" name="tc5_put" time="0.476"/>
  <testcase classname="rest_assure.rest1" name="tc6_patch" time="0.423"/>
  <testcase classname="rest_assure.rest1" name="tc8_post" time="0.443"/>
  <testcase classname="rest_assure.rest1" name="tc9_post" time="0.42"/>
</testsuite> <!-- Default test -->
